<?xml version="1.0" encoding="UTF-8"?>
<!-- Generated by org.testng.reporters.JUnitXMLReporter -->
<testsuite ignored="0" hostname="DESKTOP-E115GFV" failures="0" tests="4" name="Default test" time="13.206" errors="0" timestamp="2025-09-09T12:24:24 IST">
  <testcase classname="api.test.User_Test" name="testPostUser" time="6.146"/>
  <testcase classname="api.test.User_Test" name="testGetUserByName" time="1.609"/>
  <testcase classname="api.test.User_Test" name="testUpdateUserByName" time="3.285"/>
  <testcase classname="api.test.User_Test" name="testDeleteUserByName" time="1.667"/>
</testsuite> <!-- Default test -->
