<?xml version="1.0" encoding="UTF-8"?>
<testng-results ignored="0" total="2" passed="2" failed="0" skipped="0">
  <reporter-output>
  </reporter-output>
  <suite started-at="2025-09-08T16:28:57 IST" name="Default suite" finished-at="2025-09-08T16:29:05 IST" duration-ms="7590">
    <groups>
    </groups>
    <test started-at="2025-09-08T16:28:57 IST" name="Default test" finished-at="2025-09-08T16:29:05 IST" duration-ms="7590">
      <class name="api.test.User_Test">
        <test-method is-config="true" signature="setUpData()[pri:0, instance:api.test.User_Test@34a3d150]" started-at="2025-09-08T16:28:57 IST" name="setUpData" finished-at="2025-09-08T16:28:58 IST" duration-ms="371" status="PASS">
          <reporter-output>
          </reporter-output>
        </test-method> <!-- setUpData -->
        <test-method signature="testPostUser()[pri:1, instance:api.test.User_Test@34a3d150]" started-at="2025-09-08T16:28:58 IST" name="testPostUser" finished-at="2025-09-08T16:29:03 IST" duration-ms="5422" status="PASS">
          <reporter-output>
          </reporter-output>
        </test-method> <!-- testPostUser -->
        <test-method signature="testGetUserByName()[pri:2, instance:api.test.User_Test@34a3d150]" started-at="2025-09-08T16:29:03 IST" name="testGetUserByName" finished-at="2025-09-08T16:29:05 IST" duration-ms="1705" status="PASS">
          <reporter-output>
          </reporter-output>
        </test-method> <!-- testGetUserByName -->
      </class> <!-- api.test.User_Test -->
    </test> <!-- Default test -->
  </suite> <!-- Default suite -->
</testng-results>
