<?xml version="1.0" encoding="UTF-8"?>
<testng-results ignored="0" total="4" passed="4" failed="0" skipped="0">
  <reporter-output>
  </reporter-output>
  <suite started-at="2025-09-09T12:24:10 IST" name="Default suite" finished-at="2025-09-09T12:24:24 IST" duration-ms="13206">
    <groups>
    </groups>
    <test started-at="2025-09-09T12:24:10 IST" name="Default test" finished-at="2025-09-09T12:24:24 IST" duration-ms="13206">
      <class name="api.test.User_Test">
        <test-method is-config="true" signature="setUpData()[pri:0, instance:api.test.User_Test@5c6648b0]" started-at="2025-09-09T12:24:10 IST" name="setUpData" finished-at="2025-09-09T12:24:11 IST" duration-ms="381" status="PASS">
          <reporter-output>
          </reporter-output>
        </test-method> <!-- setUpData -->
        <test-method signature="testPostUser()[pri:1, instance:api.test.User_Test@5c6648b0]" started-at="2025-09-09T12:24:11 IST" name="testPostUser" finished-at="2025-09-09T12:24:17 IST" duration-ms="6146" status="PASS">
          <reporter-output>
          </reporter-output>
        </test-method> <!-- testPostUser -->
        <test-method signature="testGetUserByName()[pri:2, instance:api.test.User_Test@5c6648b0]" started-at="2025-09-09T12:24:17 IST" name="testGetUserByName" finished-at="2025-09-09T12:24:19 IST" duration-ms="1609" status="PASS">
          <reporter-output>
          </reporter-output>
        </test-method> <!-- testGetUserByName -->
        <test-method signature="testUpdateUserByName()[pri:3, instance:api.test.User_Test@5c6648b0]" started-at="2025-09-09T12:24:19 IST" name="testUpdateUserByName" finished-at="2025-09-09T12:24:22 IST" duration-ms="3285" status="PASS">
          <reporter-output>
          </reporter-output>
        </test-method> <!-- testUpdateUserByName -->
        <test-method signature="testDeleteUserByName()[pri:4, instance:api.test.User_Test@5c6648b0]" started-at="2025-09-09T12:24:22 IST" name="testDeleteUserByName" finished-at="2025-09-09T12:24:24 IST" duration-ms="1667" status="PASS">
          <reporter-output>
          </reporter-output>
        </test-method> <!-- testDeleteUserByName -->
      </class> <!-- api.test.User_Test -->
    </test> <!-- Default test -->
  </suite> <!-- Default suite -->
</testng-results>
